mode: atomic
payment-service/cmd/payment/main.go:9.13,27.26 8 0
payment-service/cmd/payment/main.go:27.26,29.3 1 0
payment-service/cmd/payment/main.go:30.2,30.77 1 0
payment-service/internal/bank/akbank.go:9.44,11.2 1 0
payment-service/internal/bank/akbank.go:14.37,16.2 1 0
payment-service/internal/bank/halkbank.go:9.46,11.2 1 0
payment-service/internal/bank/halkbank.go:14.39,16.2 1 0
payment-service/internal/bank/isbank.go:9.44,11.2 1 0
payment-service/internal/bank/isbank.go:14.37,16.2 1 0
payment-service/internal/bank/akbank.go:9.44,11.2 1 7
payment-service/internal/bank/akbank.go:14.37,16.2 1 0
payment-service/internal/bank/halkbank.go:9.46,11.2 1 2
payment-service/internal/bank/halkbank.go:14.39,16.2 1 0
payment-service/internal/bank/isbank.go:9.44,11.2 1 3
payment-service/internal/bank/isbank.go:14.37,16.2 1 0
payment-service/internal/strategy/highest_commision.go:11.74,15.26 3 3
payment-service/internal/strategy/highest_commision.go:15.26,17.37 2 4
payment-service/internal/strategy/highest_commision.go:17.37,20.4 2 3
payment-service/internal/strategy/highest_commision.go:23.2,23.30 1 3
payment-service/internal/strategy/lowest_commision.go:12.73,16.26 3 3
payment-service/internal/strategy/lowest_commision.go:16.26,18.36 2 4
payment-service/internal/strategy/lowest_commision.go:18.36,21.4 2 2
payment-service/internal/strategy/lowest_commision.go:24.2,24.29 1 3
payment-service/internal/strategy/strategy.go:16.59,18.2 1 0
payment-service/internal/strategy/strategy.go:21.57,23.2 1 0
